1646903883282	geckodriver	INFO	Listening on 127.0.0.1:6731
1646903886319	mozrunner::runner	INFO	Running command: "C:\\Program Files\\Mozilla Firefox\\firefox.exe" "--marionette" "--remote-debugging-port" "6732" "-no-remote" "-profile" "C:\\Users\\ASUS\\AppData\\Local\\Temp\\rust_mozprofileVO5teX"
1646903933222	geckodriver	INFO	Listening on 127.0.0.1:6903
1646903936271	mozrunner::runner	INFO	Running command: "C:\\Program Files\\Mozilla Firefox\\firefox.exe" "--marionette" "--remote-debugging-port" "6904" "-no-remote" "-profile" "C:\\Users\\ASUS\\AppData\\Local\\Temp\\rust_mozprofilezznX9B"
1646903937172	Marionette	INFO	Marionette enabled
console.warn: SearchSettings: "get: No settings file exists, new profile?" (new NotFoundError("Could not open the file at C:\\Users\\ASUS\\AppData\\Local\\Temp\\rust_mozprofilezznX9B\\search.json.mozlz4", (void 0)))
DevTools listening on ws://localhost:6904/devtools/browser/22fa113f-efc2-40d4-87f9-c54e87bc649b
1646903940663	Marionette	INFO	Listening on port 6913
1646903941096	RemoteAgent	WARN	TLS certificate errors will be ignored for this session
1646904068707	Marionette	INFO	Stopped listening on port 6913
console.warn: TopSitesFeed: Failed to fetch data from Contile server: NetworkError when attempting to fetch resource.
remote-debugging-port" "7115" "-no-remote" "-profile" "C:\\Users\\ASUS\\AppData\\Local\\Temp\\rust_mozprofile4K7MdZ"
1646904060275	Marionette	INFO	Marionette enabled
console.warn: SearchSettings: "get: No settings file exists, new profile?" (new NotFoundError("Could not open the file at C:\\Users\\ASUS\\AppData\\Local\\Temp\\rust_mozprofile4K7MdZ\\search.json.mozlz4", (void 0)))
DevTools listening on ws://localhost:7115/devtools/browser/fcb39e8d-83b5-4838-af4b-34c5fa43a780
1646904064198	Marionette	INFO	Listening on port 7122
1646904064425	RemoteAgent	WARN	TLS certificate errors will be ignored for this session
1649249550724	geckodriver	INFO	Listening on 127.0.0.1:8751
1649249553754	mozrunner::runner	INFO	Running command: "C:\\Program Files\\Mozilla Firefox\\firefox.exe" "--marionette" "--remote-debugging-port" "8752" "-no-remote" "-profile" "C:\\Users\\ASUS\\AppData\\Local\\Temp\\rust_mozprofile2IC7qU"
1649250717608	geckodriver	INFO	Listening on 127.0.0.1:10164
1649250844870	geckodriver	INFO	Listening on 127.0.0.1:10455
1649250847920	mozrunner::runner	INFO	Running command: "C:\\Program Files\\Mozilla Firefox\\firefox.exe" "--marionette" "--remote-debugging-port" "10456" "-no-remote" "-profile" "C:\\Users\\ASUS\\AppData\\Local\\Temp\\rust_mozprofilep1j3uc"
1649250848848	Marionette	INFO	Marionette enabled
console.warn: SearchSettings: "get: No settings file exists, new profile?" (new NotFoundError("Could not open the file at C:\\Users\\ASUS\\AppData\\Local\\Temp\\rust_mozprofilep1j3uc\\search.json.mozlz4", (void 0)))
DevTools listening on ws://localhost:10456/devtools/browser/9c2529d0-3f33-43ae-8eaf-09b2f5d176d2
1649250853875	Marionette	INFO	Listening on port 10464
1649250854339	RemoteAgent	WARN	TLS certificate errors will be ignored for this session
console.warn: LoginRecipes: "getRecipes: falling back to a synchronous message for:" "https://validator.w3.org"
1649251520039	Marionette	INFO	Stopped listening on port 10464
console.warn: TopSitesFeed: Failed to fetch data from Contile server: NetworkError when attempting to fetch resource.
remote-debugging-port" "11115" "-no-remote" "-profile" "C:\\Users\\ASUS\\AppData\\Local\\Temp\\rust_mozprofileCKZ1kI"
1649251277425	Marionette	INFO	Marionette enabled
console.warn: SearchSettings: "get: No settings file exists, new profile?" (new NotFoundError("Could not open the file at C:\\Users\\ASUS\\AppData\\Local\\Temp\\rust_mozprofileCKZ1kI\\search.json.mozlz4", (void 0)))
DevTools listening on ws://localhost:11115/devtools/browser/124d24cc-fcc9-44c5-9c58-c723cc5ad34f
1649251283290	Marionette	INFO	Listening on port 11126
1649251283752	RemoteAgent	WARN	TLS certificate errors will be ignored for this session
console.warn: LoginRecipes: "getRecipes: falling back to a synchronous message for:" "https://validator.w3.org"
1649251292297	Marionette	WARN	TimedPromise timed out after 500 ms: stacktrace:
TimedPromise/<@chrome://remote/content/marionette/sync.js:235:19
TimedPromise@chrome://remote/content/marionette/sync.js:220:10
interaction.flushEventLoop@chrome://remote/content/marionette/interaction.js:431:10
webdriverClickElement@chrome://remote/content/marionette/interaction.js:179:31
1649251605864	Marionette	INFO	Stopped listening on port 11126
console.warn: TopSitesFeed: Failed to fetch data from Contile server: NetworkError when attempting to fetch resource.
1649251925423	geckodriver	INFO	Listening on 127.0.0.1:12038
1649251928479	mozrunner::runner	INFO	Running command: "C:\\Program Files\\Mozilla Firefox\\firefox.exe" "--marionette" "--remote-debugging-port" "12039" "-no-remote" "-profile" "C:\\Users\\ASUS\\AppData\\Local\\Temp\\rust_mozprofileYq8JkL"
1649251929299	Marionette	INFO	Marionette enabled
console.warn: SearchSettings: "get: No settings file exists, new profile?" (new NotFoundError("Could not open the file at C:\\Users\\ASUS\\AppData\\Local\\Temp\\rust_mozprofileYq8JkL\\search.json.mozlz4", (void 0)))
DevTools listening on ws://localhost:12039/devtools/browser/a1c802f7-835d-451a-9a9b-d59c525e994e
1649251934174	Marionette	INFO	Listening on port 12046
1649251934375	RemoteAgent	WARN	TLS certificate errors will be ignored for this session
console.warn: LoginRecipes: "getRecipes: falling back to a synchronous message for:" "https://validator.w3.org"
JavaScript error: resource://gre/modules/AsyncShutdown.jsm, line 575: NotFoundError: No such JSWindowActor 'DevToolsFrame'
1649252056546	Marionette	INFO	Stopped listening on port 12046
console.warn: TopSitesFeed: Failed to fetch data from Contile server: NetworkError when attempting to fetch resource.

###!!! [Parent][PGPUParent] Error: RunMessage(msgname=PGPU::Msg_ShutdownVR) Channel closing: too late to send/recv, messages will be lost

